<?xml version="1.0" encoding="UTF-8"?>
<testsuite xmlns:xsi="http://www.w3.org/2001/XMLSchema-instance" xsi:noNamespaceSchemaLocation="https://maven.apache.org/surefire/maven-surefire-plugin/xsd/surefire-test-report-3.0.xsd" version="3.0" name="com.mycompany.login1.TestPart3" time="0.076" tests="8" errors="0" skipped="0" failures="0">
  <properties>
[...]
</properties>
  <testcase name="testSearchByID" classname="com.mycompany.login1.TestPart3" time="0.009">
    <system-out><![CDATA[Search by ID result:
ID: 6830260631 | Hash: 68:2:WHERETIME | Recipient: +27838884567 | Message: Where are you? You are late! I have asked you to be on time.
]]></system-out>
  </testcase>
  <testcase name="testSentMessagesPopulated" classname="com.mycompany.login1.TestPart3" time="0.007">
    <system-out><![CDATA[Sent messages: [Did you get the cake?, It is dinner time!]
----Message----1----
ID: 3897606215 | Hash: 38:1:DIDCAKE | Recipient: +27834557896 | Message: Did you get the cake?

----Message----2----
ID: 5640777044 | Hash: 56:4:ITTIME | Recipient: 0838884567 | Message: It is dinner time!


]]></system-out>
  </testcase>
  <testcase name="testGetLongestMessage" classname="com.mycompany.login1.TestPart3" time="0.007">
    <system-out><![CDATA[Longest: ID: 5352352986 | Hash: 53:2:WHERETIME | Recipient: +27838884567 | Message: Where are you? You are late! I have asked you to be on time.
]]></system-out>
  </testcase>
  <testcase name="testDisplayReport" classname="com.mycompany.login1.TestPart3" time="0.008">
    <system-out><![CDATA[
===== STORED MESSAGE REPORT =====
ID: 8403373556
Hash: 84:2:WHERETIME
Recipient: +27838884567
Message: Where are you? You are late! I have asked you to be on time.
-----
ID: 3644727964
Hash: 36:5:OK,YOU
Recipient: +27838884567
Message: Ok, I am leaving without you.
-----

]]></system-out>
  </testcase>
  <testcase name="testDisregardedMessageConfirmed" classname="com.mycompany.login1.TestPart3" time="0.007">
    <system-out><![CDATA[msg3 hash (disregarded): 63:3:YOHOOOO,GATE
]]></system-out>
  </testcase>
  <testcase name="testStoredMessagesPopulated" classname="com.mycompany.login1.TestPart3" time="0.007">
    <system-out><![CDATA[Stored messages report:

===== STORED MESSAGE REPORT =====
ID: 4989792676
Hash: 49:2:WHERETIME
Recipient: +27838884567
Message: Where are you? You are late! I have asked you to be on time.
-----
ID: 6250202764
Hash: 62:5:OK,YOU
Recipient: +27838884567
Message: Ok, I am leaving without you.
-----

]]></system-out>
  </testcase>
  <testcase name="testSearchByRecipient" classname="com.mycompany.login1.TestPart3" time="0.007">
    <system-out><![CDATA[Recipient search:
ID: 9231634198 | Hash: 92:5:OK,YOU | Recipient: +27838884567 | Message: Ok, I am leaving without you.

]]></system-out>
  </testcase>
  <testcase name="testDeleteMessagesByHash" classname="com.mycompany.login1.TestPart3" time="0.005">
    <system-out><![CDATA[Delete result: Message deleted successfully.
]]></system-out>
  </testcase>
</testsuite>